2020-10-22 13:17:54,598 INFO  [org.jboss.modules] (main) JBoss Modules version 1.10.2.Final
2020-10-22 13:17:55,552 INFO  [org.jboss.msc] (main) JBoss MSC version 1.4.12.Final
2020-10-22 13:17:55,557 INFO  [org.jboss.threads] (main) JBoss Threads version 2.4.0.Final
2020-10-22 13:17:55,660 INFO  [org.jboss.as] (MSC service thread 1-2) WFLYSRV0049: WildFly Full 21.0.0.Final (WildFly Core 13.0.1.Final) starting
2020-10-22 13:17:55,661 DEBUG [org.jboss.as.config] (MSC service thread 1-2) Configured system properties:
	file.encoding = Cp1252
	file.separator = \
	java.awt.headless = true
	java.class.path = C:\Users\Fujitsu\Rzk - vezbe\wildfly-21.0.0.Final\jboss-modules.jar
	java.class.version = 59.0
	java.home = C:\Program Files\Java\jdk-15.0.1
	java.io.tmpdir = C:\Users\Fujitsu\AppData\Local\Temp\
	java.library.path = C:\Program Files\Java\jdk-15.0.1\bin;C:\Windows\Sun\Java\bin;C:\Windows\system32;C:\Windows;native;C:/Program Files/Java/jre1.8.0_271/bin/server;C:/Program Files/Java/jre1.8.0_271/bin;C:/Program Files/Java/jre1.8.0_271/lib/amd64;C:\Program Files (x86)\Common Files\Oracle\Java\javapath;C:\Windows\system32;C:\Windows;C:\Windows\System32\Wbem;C:\Windows\System32\WindowsPowerShell\v1.0\;C:\Windows\System32\OpenSSH\;C:\Program Files\Fujitsu\AuthConductorClient\F3BC;C:\Program Files\Fujitsu\AuthConductorClient;C:\Program Files\Fujitsu\AuthConductorClient\PBA;C:\Program Files\Calibre2\;C:\Program Files\MySQL\MySQL Shell 8.0\bin\;C:\Users\Fujitsu\AppData\Local\Microsoft\WindowsApps;;C:\Users\Fujitsu\AppData\Local\Programs\Microsoft VS Code\bin;C:\Windows\System32;;.
	java.net.preferIPv4Stack = true
	java.runtime.name = Java(TM) SE Runtime Environment
	java.runtime.version = 15.0.1+9-18
	java.specification.name = Java Platform API Specification
	java.specification.vendor = Oracle Corporation
	java.specification.version = 15
	java.util.logging.manager = org.jboss.logmanager.LogManager
	java.vendor = Oracle Corporation
	java.vendor.url = https://java.oracle.com/
	java.vendor.url.bug = https://bugreport.java.com/bugreport/
	java.version = 15.0.1
	java.version.date = 2020-10-20
	java.vm.compressedOopsMode = 32-bit
	java.vm.info = mixed mode, sharing
	java.vm.name = Java HotSpot(TM) 64-Bit Server VM
	java.vm.specification.name = Java Virtual Machine Specification
	java.vm.specification.vendor = Oracle Corporation
	java.vm.specification.version = 15
	java.vm.vendor = Oracle Corporation
	java.vm.version = 15.0.1+9-18
	javax.management.builder.initial = org.jboss.as.jmx.PluggableMBeanServerBuilder
	jboss.bind.address = localhost
	jboss.bind.address.management = localhost
	jboss.home.dir = C:\Users\Fujitsu\Rzk - vezbe\wildfly-21.0.0.Final
	jboss.host.name = desktop-s0j88l2
	jboss.modules.dir = C:\Users\Fujitsu\Rzk - vezbe\wildfly-21.0.0.Final\modules
	jboss.modules.system.pkgs = org.jboss.byteman
	jboss.node.name = desktop-s0j88l2
	jboss.qualified.host.name = desktop-s0j88l2
	jboss.server.base.dir = C:\Users\Fujitsu\Rzk - vezbe\wildfly-21.0.0.Final\standalone
	jboss.server.config.dir = C:\Users\Fujitsu\Rzk - vezbe\wildfly-21.0.0.Final\standalone\configuration
	jboss.server.data.dir = C:\Users\Fujitsu\Rzk - vezbe\wildfly-21.0.0.Final\standalone\data
	jboss.server.deploy.dir = C:\Users\Fujitsu\Rzk - vezbe\wildfly-21.0.0.Final\standalone\data\content
	jboss.server.log.dir = C:\Users\Fujitsu\Rzk - vezbe\wildfly-21.0.0.Final\standalone\log
	jboss.server.name = desktop-s0j88l2
	jboss.server.persist.config = true
	jboss.server.temp.dir = C:\Users\Fujitsu\Rzk - vezbe\wildfly-21.0.0.Final\standalone\tmp
	jdk.debug = release
	line.separator = 

	logging.configuration = file:C:\Users\Fujitsu\Rzk - vezbe\wildfly-21.0.0.Final\standalone\configuration\logging.properties
	module.path = C:\Users\Fujitsu\Rzk - vezbe\wildfly-21.0.0.Final\modules
	org.jboss.boot.log.file = C:\Users\Fujitsu\Rzk - vezbe\wildfly-21.0.0.Final\standalone\log\boot.log
	org.jboss.logmanager.nocolor = true
	org.jboss.resolver.warning = true
	os.arch = amd64
	os.name = Windows 10
	os.version = 10.0
	path.separator = ;
	program.name = JBossTools: WildFly 21
	sun.arch.data.model = 64
	sun.boot.library.path = C:\Program Files\Java\jdk-15.0.1\bin
	sun.cpu.endian = little
	sun.cpu.isalist = amd64
	sun.io.unicode.encoding = UnicodeLittle
	sun.java.command = org.jboss.modules.Main -mp C:\Users\Fujitsu\Rzk - vezbe\wildfly-21.0.0.Final\modules org.jboss.as.standalone -b localhost --server-config=standalone.xml -Djboss.server.base.dir=C:\Users\Fujitsu\Rzk - vezbe\wildfly-21.0.0.Final\standalone
	sun.java.launcher = SUN_STANDARD
	sun.jnu.encoding = Cp1252
	sun.management.compiler = HotSpot 64-Bit Tiered Compilers
	sun.os.patch.level = 
	sun.rmi.dgc.client.gcInterval = 3600000
	sun.rmi.dgc.server.gcInterval = 3600000
	user.country = US
	user.dir = C:\Users\Fujitsu\Rzk - vezbe\wildfly-21.0.0.Final\bin
	user.home = C:\Users\Fujitsu
	user.language = en
	user.name = Fujitsu
	user.script = 
	user.timezone = Europe/Budapest
	user.variant = 
2020-10-22 13:17:55,663 DEBUG [org.jboss.as.config] (MSC service thread 1-2) VM Arguments: -Dprogram.name=JBossTools: WildFly 21 -Xms64m -Xmx512m -Dorg.jboss.resolver.warning=true -Djava.net.preferIPv4Stack=true -Dsun.rmi.dgc.client.gcInterval=3600000 -Dsun.rmi.dgc.server.gcInterval=3600000 -Djboss.modules.system.pkgs=org.jboss.byteman -Djava.awt.headless=true -Dorg.jboss.boot.log.file=C:\Users\Fujitsu\Rzk - vezbe\wildfly-21.0.0.Final\standalone\log\boot.log -Dlogging.configuration=file:C:\Users\Fujitsu\Rzk - vezbe\wildfly-21.0.0.Final\standalone\configuration\logging.properties -Djboss.home.dir=C:\Users\Fujitsu\Rzk - vezbe\wildfly-21.0.0.Final -Dorg.jboss.logmanager.nocolor=true --add-exports=java.base/sun.nio.ch=ALL-UNNAMED --add-exports=jdk.unsupported/sun.misc=ALL-UNNAMED --add-exports=jdk.unsupported/sun.reflect=ALL-UNNAMED --add-modules=java.se -Djboss.bind.address.management=localhost -Dfile.encoding=Cp1252 
2020-10-22 13:17:56,585 INFO  [org.wildfly.security] (ServerService Thread Pool -- 28) ELY00001: WildFly Elytron version 1.13.1.Final
2020-10-22 13:17:57,246 INFO  [org.jboss.as.controller.management-deprecated] (Controller Boot Thread) WFLYCTL0028: Attribute 'security-realm' in the resource at address '/core-service=management/management-interface=http-interface' is deprecated, and may be removed in a future version. See the attribute description in the output of the read-resource-description operation to learn more about the deprecation.
2020-10-22 13:17:57,282 INFO  [org.jboss.as.controller.management-deprecated] (ServerService Thread Pool -- 13) WFLYCTL0028: Attribute 'security-realm' in the resource at address '/subsystem=undertow/server=default-server/https-listener=https' is deprecated, and may be removed in a future version. See the attribute description in the output of the read-resource-description operation to learn more about the deprecation.
2020-10-22 13:17:57,387 INFO  [org.jboss.as.server] (Controller Boot Thread) WFLYSRV0039: Creating http management service using socket-binding (management-http)
2020-10-22 13:17:57,404 INFO  [org.xnio] (MSC service thread 1-7) XNIO version 3.8.2.Final
2020-10-22 13:17:57,412 INFO  [org.xnio.nio] (MSC service thread 1-7) XNIO NIO Implementation Version 3.8.2.Final
2020-10-22 13:17:57,459 INFO  [org.wildfly.extension.microprofile.config.smallrye._private] (ServerService Thread Pool -- 61) WFLYCONF0001: Activating WildFly MicroProfile Config Subsystem
2020-10-22 13:17:57,468 INFO  [org.wildfly.extension.io] (ServerService Thread Pool -- 53) WFLYIO001: Worker 'default' has auto-configured to 16 IO threads with 128 max task threads based on your 8 available processors
2020-10-22 13:17:57,472 INFO  [org.jboss.as.naming] (ServerService Thread Pool -- 66) WFLYNAM0001: Activating Naming Subsystem
2020-10-22 13:17:57,475 WARN  [org.jboss.as.txn] (ServerService Thread Pool -- 74) WFLYTX0013: The node-identifier attribute on the /subsystem=transactions is set to the default value. This is a danger for environments running multiple servers. Please make sure the attribute value is unique.
2020-10-22 13:17:57,478 INFO  [org.wildfly.extension.microprofile.health.smallrye] (ServerService Thread Pool -- 62) WFLYHEALTH0001: Activating Eclipse MicroProfile Health Subsystem
2020-10-22 13:17:57,487 INFO  [org.wildfly.extension.microprofile.opentracing] (ServerService Thread Pool -- 65) WFLYTRACEXT0001: Activating MicroProfile OpenTracing Subsystem
2020-10-22 13:17:57,487 INFO  [org.jboss.as.naming] (MSC service thread 1-4) WFLYNAM0003: Starting Naming Service
2020-10-22 13:17:57,523 INFO  [org.jboss.remoting] (MSC service thread 1-8) JBoss Remoting version 5.0.19.Final
2020-10-22 13:17:57,526 INFO  [org.jboss.as.clustering.infinispan] (ServerService Thread Pool -- 52) WFLYCLINF0001: Activating Infinispan subsystem.
2020-10-22 13:17:57,554 INFO  [org.jboss.as.connector] (MSC service thread 1-4) WFLYJCA0009: Starting JCA Subsystem (WildFly/IronJacamar 1.4.23.Final)
2020-10-22 13:17:57,628 INFO  [org.wildfly.extension.microprofile.jwt.smallrye._private] (ServerService Thread Pool -- 63) WFLYJWT0001: Activating WildFly MicroProfile JWT Subsystem
2020-10-22 13:17:57,636 INFO  [org.jboss.as.webservices] (ServerService Thread Pool -- 76) WFLYWS0002: Activating WebServices Extension
2020-10-22 13:17:57,660 INFO  [org.jboss.as.connector.subsystems.datasources] (ServerService Thread Pool -- 44) WFLYJCA0004: Deploying JDBC-compliant driver class org.h2.Driver (version 1.4)
2020-10-22 13:17:57,660 INFO  [org.jboss.as.security] (ServerService Thread Pool -- 72) WFLYSEC0002: Activating Security Subsystem
2020-10-22 13:17:57,685 INFO  [org.jboss.as.connector.deployers.jdbc] (MSC service thread 1-7) WFLYJCA0018: Started Driver service with driver-name = h2
2020-10-22 13:17:57,691 INFO  [org.jboss.as.jaxrs] (ServerService Thread Pool -- 54) WFLYRS0016: RESTEasy version 3.13.2.Final
2020-10-22 13:17:57,718 INFO  [org.wildfly.extension.microprofile.metrics.smallrye] (ServerService Thread Pool -- 64) WFLYMETRICS0001: Activating Eclipse MicroProfile Metrics Subsystem
2020-10-22 13:17:57,727 INFO  [org.jboss.as.security] (MSC service thread 1-8) WFLYSEC0001: Current PicketBox version=5.0.3.Final-redhat-00006
2020-10-22 13:17:57,727 INFO  [org.jboss.as.mail.extension] (MSC service thread 1-3) WFLYMAIL0001: Bound mail session [java:jboss/mail/Default]
2020-10-22 13:17:57,864 INFO  [org.jboss.as.jsf] (ServerService Thread Pool -- 59) WFLYJSF0007: Activated the following JSF Implementations: [main]
2020-10-22 13:17:57,879 INFO  [org.wildfly.extension.undertow] (MSC service thread 1-4) WFLYUT0003: Undertow 2.2.2.Final starting
2020-10-22 13:17:57,919 INFO  [org.jboss.as.ejb3] (MSC service thread 1-7) WFLYEJB0481: Strict pool slsb-strict-max-pool is using a max instance size of 128 (per class), which is derived from thread worker pool sizing.
2020-10-22 13:17:57,925 INFO  [org.jboss.as.ejb3] (MSC service thread 1-2) WFLYEJB0482: Strict pool mdb-strict-max-pool is using a max instance size of 32 (per class), which is derived from the number of CPUs on this host.
2020-10-22 13:17:58,266 INFO  [org.wildfly.extension.undertow] (ServerService Thread Pool -- 75) WFLYUT0014: Creating file handler for path 'C:\Users\Fujitsu\Rzk - vezbe\wildfly-21.0.0.Final/welcome-content' with options [directory-listing: 'false', follow-symlink: 'false', case-sensitive: 'true', safe-symlink-paths: '[]']
2020-10-22 13:17:58,295 INFO  [org.wildfly.extension.undertow] (MSC service thread 1-3) WFLYUT0012: Started server default-server.
2020-10-22 13:17:58,297 INFO  [org.wildfly.extension.undertow] (MSC service thread 1-7) WFLYUT0018: Host default-host starting
2020-10-22 13:17:58,545 INFO  [org.wildfly.extension.undertow] (MSC service thread 1-2) WFLYUT0006: Undertow HTTP listener default listening on 127.0.0.1:8080
2020-10-22 13:17:58,642 INFO  [org.jboss.as.ejb3] (MSC service thread 1-3) WFLYEJB0493: EJB subsystem suspension complete
2020-10-22 13:17:58,718 INFO  [org.jboss.as.connector.subsystems.datasources] (MSC service thread 1-3) WFLYJCA0001: Bound data source [java:jboss/datasources/ExampleDS]
2020-10-22 13:17:58,834 INFO  [org.jboss.as.patching] (MSC service thread 1-6) WFLYPAT0050: WildFly Full cumulative patch ID is: base, one-off patches include: none
2020-10-22 13:17:58,845 WARN  [org.jboss.as.domain.management.security] (MSC service thread 1-2) WFLYDM0111: Keystore C:\Users\Fujitsu\Rzk - vezbe\wildfly-21.0.0.Final\standalone\configuration\application.keystore not found, it will be auto generated on first use with a self signed certificate for host localhost
